[12:52:41.658] Global cache location '/home/peter/.cache/typescript/4.3', safe file path '/usr/lib/node_modules/typescript/lib/typingSafeList.json', types map path /usr/lib/node_modules/typescript/lib/typesMap.json
[12:52:41.658] Processing cache location '/home/peter/.cache/typescript/4.3'
[12:52:41.658] Trying to find '/home/peter/.cache/typescript/4.3/package.json'...
[12:52:41.663] Loaded content of '/home/peter/.cache/typescript/4.3/package.json': {"private":true,"dependencies":{"types-registry":"^0.1.563"},"devDependencies":{"@types/accepts":"^1.3.5","@types/app-root-dir":"^0.1.0","@types/are-we-there-yet":"^1.1.0","@types/argparse":"^2.0.10","@types/arr-diff":"^4.0.0","@types/arr-union":"^3.1.0","@types/array-unique":"^0.3.0","@types/array.prototype.flat":"^1.2.1","@types/array.prototype.flatmap":"^1.2.2","@types/assert":"^1.5.6","@types/atob":"^2.1.2","@types/babel__core":"^7.1.16","@types/babel__plugin-transform-runtime":"^7.9.2","@types/babel__preset-env":"^7.9.2","@types/babel__template":"^7.4.1","@types/babel__traverse":"^7.14.2","@types/babel-plugin-macros":"^2.8.5","@types/babel-plugin-syntax-jsx":"^6.18.0","@types/babelify":"^7.3.7","@types/balanced-match":"^1.0.1","@types/big.js":"^6.1.2","@types/bl":"^5.0.1","@types/bluebird":"^3.5.36","@types/bn.js":"^5.1.0","@types/body-parser":"^1.19.1","@types/boolbase":"^1.0.0","@types/brace-expansion":"^1.1.0","@types/braces":"^3.0.1","@types/brorand":"^1.0.30","@types/browser-pack":"^6.1.1","@types/browser-resolve":"^2.0.1","@types/browserify":"^12.0.37","@types/bser":"^2.0.1","@types/buffer-from":"^1.1.0","@types/buffer-xor":"^2.0.0","@types/bytes":"^3.1.1","@types/cacache":"^15.0.1","@types/cached-path-relative":"^1.0.0","@types/call-bind":"^1.0.0","@types/camelcase-css":"^2.0.0","@types/caniuse-lite":"^1.0.1","@types/case-sensitive-paths-webpack-plugin":"^2.1.6","@types/chart.js":"^2.9.34","@types/chartjs-plugin-annotation":"^0.5.2","@types/chownr":"^1.0.0","@types/cipher-base":"^1.0.0","@types/clean-css":"^4.2.5","@types/clone":"^2.1.1","@types/clone-deep":"^4.0.1","@types/cloneable-readable":"^2.0.0","@types/color":"^3.0.2","@types/color-convert":"^2.0.0","@types/color-name":"^1.1.1","@types/color-string":"^1.5.0","@types/combine-source-map":"^0.8.2","@types/combined-stream":"^1.0.3","@types/commondir":"^1.0.0","@types/component-emitter":"^1.2.11","@types/compressible":"^2.0.0","@types/compression":"^1.7.2","@types/concat-map":"^0.0.1","@types/concat-stream":"^1.6.1","@types/concurrently":"^6.2.1","@types/content-disposition":"^0.5.4","@types/content-type":"^1.1.5","@types/convert-source-map":"^1.5.2","@types/cookie":"^0.4.1","@types/cookie-signature":"^1.0.3","@types/core-js":"^2.5.5","@types/create-hash":"^1.2.2","@types/create-hmac":"^1.1.0","@types/cross-spawn":"^6.0.2","@types/cssesc":"^3.0.0","@types/cssom":"^0.4.1","@types/cssstyle":"^2.2.1","@types/data-urls":"^2.0.1","@types/debug":"^4.1.7","@types/decode-uri-component":"^0.2.0","@types/dedent":"^0.7.0","@types/define-properties":"^1.1.3","@types/defined":"^1.0.0","@types/depd":"^1.1.32","@types/deps-sort":"^2.0.2","@types/destroy":"^1.0.0","@types/detect-port":"^1.3.1","@types/detective":"^5.1.2","@types/didyoumean":"^1.2.0","@types/diffie-hellman":"^5.0.0","@types/dir-glob":"^2.0.1","@types/dlv":"^1.1.2","@types/doctrine":"^0.0.5","@types/domexception":"^2.0.1","@types/dotenv-defaults":"^2.0.1","@types/dotenv-webpack":"^7.0.3","@types/duplexer2":"^0.1.3","@types/duplexify":"^3.6.0","@types/ee-first":"^1.1.0","@types/element-resize-detector":"^1.1.3","@types/elliptic":"^6.4.13","@types/encodeurl":"^1.0.0","@types/end-of-stream":"^1.4.1","@types/enhanced-resolve":"^3.0.7","@types/es-abstract":"^1.17.3","@types/es-get-iterator":"^1.1.0","@types/es-to-primitive":"^1.2.4","@types/es6-shim":"^0.31.42","@types/escape-html":"^1.0.1","@types/escodegen":"^0.0.7","@types/eslint":"^7.28.0","@types/eslint-scope":"^3.7.1","@types/esprima":"^4.0.3","@types/estraverse":"^5.1.1","@types/esutils":"^2.0.0","@types/etag":"^1.8.1","@types/events":"^3.0.0","@types/express":"^4.17.13","@types/extend":"^3.0.1","@types/fancy-log":"^1.3.1","@types/fast-levenshtein":"^0.0.2","@types/fb-watchman":"^2.0.1","@types/file-loader":"^5.0.1","@types/finalhandler":"^1.1.1","@types/find-cache-dir":"^3.2.1","@types/find-root":"^1.1.2","@types/flat-cache":"^2.0.0","@types/flush-write-stream":"^1.0.0","@types/follow-redirects":"^1.13.1","@types/foreach":"^2.0.0","@types/forwarded":"^0.1.0","@types/fresh":"^0.5.0","@types/from2":"^2.3.1","@types/fs-extra":"^9.0.13","@types/function-bind":"^1.1.6","@types/get-intrinsic":"^1.0.0","@types/get-value":"^3.0.2","@types/github-slugger":"^1.3.0","@types/glob":"^7.1.4","@types/glob-base":"^0.3.0","@types/glob-parent":"^5.1.1","@types/glob-to-regexp":"^0.4.1","@types/glob-watcher":"^5.0.1","@types/global-modules":"^2.0.0","@types/global-prefix":"^3.0.0","@types/globalthis":"^1.0.1","@types/graceful-fs":"^4.1.5","@types/gulp":"^4.0.9","@types/gulp-concat":"0.0.33","@types/gulp-sass":"^5.0.0","@types/has":"^1.0.0","@types/has-symbols":"^1.0.0","@types/he":"^1.1.2","@types/highlightjs":"^9.12.2","@types/hoist-non-react-statics":"^3.3.1","@types/hosted-git-info":"^3.0.2","@types/howler":"^2.2.3","@types/html-encoding-sniffer":"^2.0.2","@types/html-escaper":"^3.0.0","@types/html-minifier-terser":"^6.0.0","@types/htmlescape":"^1.1.1","@types/http-errors":"^1.8.1","@types/icss-utils":"^4.1.0","@types/iferr":"^1.0.2","@types/imurmurhash":"^0.1.1","@types/inherits":"0.0.30","@types/ini":"^1.3.31","@types/insert-module-globals":"^7.0.2","@types/internal-slot":"^1.0.1","@types/interpret":"^1.1.1","@types/invariant":"^2.2.35","@types/ip":"^1.1.0","@types/is-arguments":"^1.0.0","@types/is-bigint":"^1.0.0","@types/is-boolean-object":"^1.1.0","@types/is-buffer":"^2.0.0","@types/is-callable":"^1.1.0","@types/is-ci":"^3.0.0","@types/is-core-module":"^2.2.0","@types/is-date-object":"^1.0.1","@types/is-dom":"^1.1.0","@types/is-function":"^1.0.1","@types/is-generator-function":"^1.0.1","@types/is-glob":"^4.0.2","@types/is-negated-glob":"^1.0.0","@types/is-number":"^7.0.1","@types/is-object":"^1.0.2","@types/is-regex":"^1.0.0","@types/is-string":"^1.0.0","@types/is-typedarray":"^1.0.0","@types/is-windows":"^1.0.0","@types/isarray":"^2.0.0","@types/isexe":"^2.0.1","@types/istanbul-lib-coverage":"^2.0.3","@types/istanbul-lib-instrument":"^1.7.4","@types/istanbul-lib-report":"^3.0.0","@types/istanbul-reports":"^3.0.1","@types/iterate-iterator":"^1.0.0","@types/iterate-value":"^1.0.0","@types/js-string-escape":"^1.0.1","@types/js-yaml":"^4.0.3","@types/jsdom":"^16.2.13","@types/jsesc":"^3.0.1","@types/json-parse-better-errors":"^1.0.0","@types/jsonfile":"^6.0.1","@types/kind-of":"^6.0.0","@types/klaw":"^3.0.2","@types/labeled-stream-splicer":"^2.0.0","@types/loader-runner":"^2.2.4","@types/lodash.debounce":"^4.0.6","@types/lodash.memoize":"^4.1.6","@types/lodash.throttle":"^4.1.6","@types/module-deps":"^6.2.1","@types/node":"^16.4.11","@types/node-sass":"^4.11.2","@types/normalize-path":"^3.0.0","@types/parents":"^1.0.1","@types/path-is-absolute":"^1.0.0","@types/prettier":"^2.3.2","@types/pretty-quick":"^2.0.2","@types/react":"^17.0.30","@types/react-dom":"^17.0.9","@types/readable-stream":"^2.3.11","@types/remark-prism":"^1.3.0","@types/replace-ext":"^2.0.0","@types/resolve":"^1.20.1","@types/sprintf":"^0.1.0","@types/syntax-error":"^1.4.1","@types/tailwindcss":"^2.2.1","@types/through2":"^2.0.36","@types/tinycolor2":"^1.4.3","@types/umd":"^3.0.1","@types/undertaker":"^1.2.7","@types/undertaker-registry":"^1.0.1","@types/vinyl":"^2.0.5","@types/vinyl-buffer":"^1.0.0","@types/vinyl-fs":"^2.4.12","@types/vinyl-paths":"0.0.31","@types/vinyl-source-stream":"0.0.30","@types/xtend":"^4.0.3"}}
[12:52:41.663] Loaded content of '/home/peter/.cache/typescript/4.3/package-lock.json'
[12:52:41.671] Adding entry into typings cache: 'accepts' => '/home/peter/.cache/typescript/4.3/node_modules/@types/accepts/index.d.ts'
[12:52:41.673] Adding entry into typings cache: 'app-root-dir' => '/home/peter/.cache/typescript/4.3/node_modules/@types/app-root-dir/index.d.ts'
[12:52:41.675] Adding entry into typings cache: 'are-we-there-yet' => '/home/peter/.cache/typescript/4.3/node_modules/@types/are-we-there-yet/index.d.ts'
[12:52:41.677] Adding entry into typings cache: 'argparse' => '/home/peter/.cache/typescript/4.3/node_modules/@types/argparse/index.d.ts'
[12:52:41.678] Adding entry into typings cache: 'arr-diff' => '/home/peter/.cache/typescript/4.3/node_modules/@types/arr-diff/index.d.ts'
[12:52:41.680] Adding entry into typings cache: 'arr-union' => '/home/peter/.cache/typescript/4.3/node_modules/@types/arr-union/index.d.ts'
[12:52:41.681] Adding entry into typings cache: 'array-unique' => '/home/peter/.cache/typescript/4.3/node_modules/@types/array-unique/index.d.ts'
[12:52:41.682] Adding entry into typings cache: 'array.prototype.flat' => '/home/peter/.cache/typescript/4.3/node_modules/@types/array.prototype.flat/index.d.ts'
[12:52:41.683] Adding entry into typings cache: 'array.prototype.flatmap' => '/home/peter/.cache/typescript/4.3/node_modules/@types/array.prototype.flatmap/index.d.ts'
[12:52:41.684] Adding entry into typings cache: 'assert' => '/home/peter/.cache/typescript/4.3/node_modules/@types/assert/index.d.ts'
[12:52:41.687] Adding entry into typings cache: 'atob' => '/home/peter/.cache/typescript/4.3/node_modules/@types/atob/index.d.ts'
[12:52:41.689] Adding entry into typings cache: 'babel__core' => '/home/peter/.cache/typescript/4.3/node_modules/@types/babel__core/index.d.ts'
[12:52:41.691] Adding entry into typings cache: 'babel__plugin-transform-runtime' => '/home/peter/.cache/typescript/4.3/node_modules/@types/babel__plugin-transform-runtime/index.d.ts'
[12:52:41.692] Adding entry into typings cache: 'babel__preset-env' => '/home/peter/.cache/typescript/4.3/node_modules/@types/babel__preset-env/index.d.ts'
[12:52:41.694] Adding entry into typings cache: 'babel__template' => '/home/peter/.cache/typescript/4.3/node_modules/@types/babel__template/index.d.ts'
[12:52:41.697] Adding entry into typings cache: 'babel__traverse' => '/home/peter/.cache/typescript/4.3/node_modules/@types/babel__traverse/index.d.ts'
[12:52:41.698] Adding entry into typings cache: 'babel-plugin-macros' => '/home/peter/.cache/typescript/4.3/node_modules/@types/babel-plugin-macros/index.d.ts'
[12:52:41.699] Adding entry into typings cache: 'babel-plugin-syntax-jsx' => '/home/peter/.cache/typescript/4.3/node_modules/@types/babel-plugin-syntax-jsx/index.d.ts'
[12:52:41.702] Adding entry into typings cache: 'babelify' => '/home/peter/.cache/typescript/4.3/node_modules/@types/babelify/index.d.ts'
[12:52:41.703] Adding entry into typings cache: 'balanced-match' => '/home/peter/.cache/typescript/4.3/node_modules/@types/balanced-match/index.d.ts'
[12:52:41.705] Adding entry into typings cache: 'big.js' => '/home/peter/.cache/typescript/4.3/node_modules/@types/big.js/index.d.ts'
[12:52:41.707] Adding entry into typings cache: 'bl' => '/home/peter/.cache/typescript/4.3/node_modules/@types/bl/index.d.ts'
[12:52:41.708] Adding entry into typings cache: 'bluebird' => '/home/peter/.cache/typescript/4.3/node_modules/@types/bluebird/index.d.ts'
[12:52:41.709] Adding entry into typings cache: 'bn.js' => '/home/peter/.cache/typescript/4.3/node_modules/@types/bn.js/index.d.ts'
[12:52:41.710] Adding entry into typings cache: 'body-parser' => '/home/peter/.cache/typescript/4.3/node_modules/@types/body-parser/index.d.ts'
[12:52:41.711] Adding entry into typings cache: 'boolbase' => '/home/peter/.cache/typescript/4.3/node_modules/@types/boolbase/index.d.ts'
[12:52:41.712] Adding entry into typings cache: 'brace-expansion' => '/home/peter/.cache/typescript/4.3/node_modules/@types/brace-expansion/index.d.ts'
[12:52:41.715] Adding entry into typings cache: 'braces' => '/home/peter/.cache/typescript/4.3/node_modules/@types/braces/index.d.ts'
[12:52:41.715] Adding entry into typings cache: 'brorand' => '/home/peter/.cache/typescript/4.3/node_modules/@types/brorand/index.d.ts'
[12:52:41.717] Adding entry into typings cache: 'browser-pack' => '/home/peter/.cache/typescript/4.3/node_modules/@types/browser-pack/index.d.ts'
[12:52:41.718] Adding entry into typings cache: 'browser-resolve' => '/home/peter/.cache/typescript/4.3/node_modules/@types/browser-resolve/index.d.ts'
[12:52:41.720] Adding entry into typings cache: 'browserify' => '/home/peter/.cache/typescript/4.3/node_modules/@types/browserify/index.d.ts'
[12:52:41.722] Adding entry into typings cache: 'bser' => '/home/peter/.cache/typescript/4.3/node_modules/@types/bser/index.d.ts'
[12:52:41.724] Adding entry into typings cache: 'buffer-from' => '/home/peter/.cache/typescript/4.3/node_modules/@types/buffer-from/index.d.ts'
[12:52:41.725] Adding entry into typings cache: 'buffer-xor' => '/home/peter/.cache/typescript/4.3/node_modules/@types/buffer-xor/index.d.ts'
[12:52:41.726] Adding entry into typings cache: 'bytes' => '/home/peter/.cache/typescript/4.3/node_modules/@types/bytes/index.d.ts'
[12:52:41.726] Adding entry into typings cache: 'cacache' => '/home/peter/.cache/typescript/4.3/node_modules/@types/cacache/index.d.ts'
[12:52:41.728] Adding entry into typings cache: 'cached-path-relative' => '/home/peter/.cache/typescript/4.3/node_modules/@types/cached-path-relative/index.d.ts'
[12:52:41.730] Adding entry into typings cache: 'call-bind' => '/home/peter/.cache/typescript/4.3/node_modules/@types/call-bind/index.d.ts'
[12:52:41.731] Adding entry into typings cache: 'camelcase-css' => '/home/peter/.cache/typescript/4.3/node_modules/@types/camelcase-css/index.d.ts'
[12:52:41.733] Adding entry into typings cache: 'caniuse-lite' => '/home/peter/.cache/typescript/4.3/node_modules/@types/caniuse-lite/index.d.ts'
[12:52:41.734] Adding entry into typings cache: 'case-sensitive-paths-webpack-plugin' => '/home/peter/.cache/typescript/4.3/node_modules/@types/case-sensitive-paths-webpack-plugin/index.d.ts'
[12:52:41.739] Adding entry into typings cache: 'chart.js' => '/home/peter/.cache/typescript/4.3/node_modules/@types/chart.js/index.d.ts'
[12:52:41.741] Adding entry into typings cache: 'chartjs-plugin-annotation' => '/home/peter/.cache/typescript/4.3/node_modules/@types/chartjs-plugin-annotation/index.d.ts'
[12:52:41.742] Adding entry into typings cache: 'chownr' => '/home/peter/.cache/typescript/4.3/node_modules/@types/chownr/index.d.ts'
[12:52:41.744] Adding entry into typings cache: 'cipher-base' => '/home/peter/.cache/typescript/4.3/node_modules/@types/cipher-base/index.d.ts'
[12:52:41.745] Adding entry into typings cache: 'clean-css' => '/home/peter/.cache/typescript/4.3/node_modules/@types/clean-css/index.d.ts'
[12:52:41.747] Adding entry into typings cache: 'clone' => '/home/peter/.cache/typescript/4.3/node_modules/@types/clone/index.d.ts'
[12:52:41.749] Adding entry into typings cache: 'clone-deep' => '/home/peter/.cache/typescript/4.3/node_modules/@types/clone-deep/index.d.ts'
[12:52:41.751] Adding entry into typings cache: 'cloneable-readable' => '/home/peter/.cache/typescript/4.3/node_modules/@types/cloneable-readable/index.d.ts'
[12:52:41.752] Adding entry into typings cache: 'color' => '/home/peter/.cache/typescript/4.3/node_modules/@types/color/index.d.ts'
[12:52:41.754] Adding entry into typings cache: 'color-convert' => '/home/peter/.cache/typescript/4.3/node_modules/@types/color-convert/index.d.ts'
[12:52:41.755] Adding entry into typings cache: 'color-name' => '/home/peter/.cache/typescript/4.3/node_modules/@types/color-name/index.d.ts'
[12:52:41.756] Adding entry into typings cache: 'color-string' => '/home/peter/.cache/typescript/4.3/node_modules/@types/color-string/index.d.ts'
[12:52:41.757] Adding entry into typings cache: 'combine-source-map' => '/home/peter/.cache/typescript/4.3/node_modules/@types/combine-source-map/index.d.ts'
[12:52:41.758] Adding entry into typings cache: 'combined-stream' => '/home/peter/.cache/typescript/4.3/node_modules/@types/combined-stream/index.d.ts'
[12:52:41.758] Adding entry into typings cache: 'commondir' => '/home/peter/.cache/typescript/4.3/node_modules/@types/commondir/index.d.ts'
[12:52:41.759] Adding entry into typings cache: 'component-emitter' => '/home/peter/.cache/typescript/4.3/node_modules/@types/component-emitter/index.d.ts'
[12:52:41.761] Adding entry into typings cache: 'compressible' => '/home/peter/.cache/typescript/4.3/node_modules/@types/compressible/index.d.ts'
[12:52:41.762] Adding entry into typings cache: 'compression' => '/home/peter/.cache/typescript/4.3/node_modules/@types/compression/index.d.ts'
[12:52:41.763] Adding entry into typings cache: 'concat-map' => '/home/peter/.cache/typescript/4.3/node_modules/@types/concat-map/index.d.ts'
[12:52:41.764] Adding entry into typings cache: 'concat-stream' => '/home/peter/.cache/typescript/4.3/node_modules/@types/concat-stream/index.d.ts'
[12:52:41.765] Adding entry into typings cache: 'concurrently' => '/home/peter/.cache/typescript/4.3/node_modules/@types/concurrently/index.d.ts'
[12:52:41.766] Adding entry into typings cache: 'content-disposition' => '/home/peter/.cache/typescript/4.3/node_modules/@types/content-disposition/index.d.ts'
[12:52:41.766] Adding entry into typings cache: 'content-type' => '/home/peter/.cache/typescript/4.3/node_modules/@types/content-type/index.d.ts'
[12:52:41.767] Adding entry into typings cache: 'convert-source-map' => '/home/peter/.cache/typescript/4.3/node_modules/@types/convert-source-map/index.d.ts'
[12:52:41.769] Adding entry into typings cache: 'cookie' => '/home/peter/.cache/typescript/4.3/node_modules/@types/cookie/index.d.ts'
[12:52:41.770] Adding entry into typings cache: 'cookie-signature' => '/home/peter/.cache/typescript/4.3/node_modules/@types/cookie-signature/index.d.ts'
[12:52:41.772] Adding entry into typings cache: 'core-js' => '/home/peter/.cache/typescript/4.3/node_modules/@types/core-js/index.d.ts'
[12:52:41.781] Adding entry into typings cache: 'create-hash' => '/home/peter/.cache/typescript/4.3/node_modules/@types/create-hash/index.d.ts'
[12:52:41.782] Adding entry into typings cache: 'create-hmac' => '/home/peter/.cache/typescript/4.3/node_modules/@types/create-hmac/index.d.ts'
[12:52:41.784] Adding entry into typings cache: 'cross-spawn' => '/home/peter/.cache/typescript/4.3/node_modules/@types/cross-spawn/index.d.ts'
[12:52:41.785] Adding entry into typings cache: 'cssesc' => '/home/peter/.cache/typescript/4.3/node_modules/@types/cssesc/index.d.ts'
[12:52:41.786] Adding entry into typings cache: 'cssom' => '/home/peter/.cache/typescript/4.3/node_modules/@types/cssom/index.d.ts'
[12:52:41.787] Adding entry into typings cache: 'cssstyle' => '/home/peter/.cache/typescript/4.3/node_modules/@types/cssstyle/index.d.ts'
[12:52:41.787] Adding entry into typings cache: 'data-urls' => '/home/peter/.cache/typescript/4.3/node_modules/@types/data-urls/index.d.ts'
[12:52:41.788] Adding entry into typings cache: 'debug' => '/home/peter/.cache/typescript/4.3/node_modules/@types/debug/index.d.ts'
[12:52:41.788] Adding entry into typings cache: 'decode-uri-component' => '/home/peter/.cache/typescript/4.3/node_modules/@types/decode-uri-component/index.d.ts'
[12:52:41.789] Adding entry into typings cache: 'dedent' => '/home/peter/.cache/typescript/4.3/node_modules/@types/dedent/index.d.ts'
[12:52:41.790] Adding entry into typings cache: 'define-properties' => '/home/peter/.cache/typescript/4.3/node_modules/@types/define-properties/index.d.ts'
[12:52:41.790] Adding entry into typings cache: 'defined' => '/home/peter/.cache/typescript/4.3/node_modules/@types/defined/index.d.ts'
[12:52:41.791] Adding entry into typings cache: 'depd' => '/home/peter/.cache/typescript/4.3/node_modules/@types/depd/index.d.ts'
[12:52:41.792] Adding entry into typings cache: 'deps-sort' => '/home/peter/.cache/typescript/4.3/node_modules/@types/deps-sort/index.d.ts'
[12:52:41.792] Adding entry into typings cache: 'destroy' => '/home/peter/.cache/typescript/4.3/node_modules/@types/destroy/index.d.ts'
[12:52:41.793] Adding entry into typings cache: 'detect-port' => '/home/peter/.cache/typescript/4.3/node_modules/@types/detect-port/index.d.ts'
[12:52:41.794] Adding entry into typings cache: 'detective' => '/home/peter/.cache/typescript/4.3/node_modules/@types/detective/index.d.ts'
[12:52:41.794] Adding entry into typings cache: 'didyoumean' => '/home/peter/.cache/typescript/4.3/node_modules/@types/didyoumean/index.d.ts'
[12:52:41.795] Adding entry into typings cache: 'diffie-hellman' => '/home/peter/.cache/typescript/4.3/node_modules/@types/diffie-hellman/index.d.ts'
[12:52:41.795] Adding entry into typings cache: 'dir-glob' => '/home/peter/.cache/typescript/4.3/node_modules/@types/dir-glob/index.d.ts'
[12:52:41.796] Adding entry into typings cache: 'dlv' => '/home/peter/.cache/typescript/4.3/node_modules/@types/dlv/index.d.ts'
[12:52:41.796] Adding entry into typings cache: 'doctrine' => '/home/peter/.cache/typescript/4.3/node_modules/@types/doctrine/index.d.ts'
[12:52:41.797] Adding entry into typings cache: 'domexception' => '/home/peter/.cache/typescript/4.3/node_modules/@types/domexception/index.d.ts'
[12:52:41.797] Adding entry into typings cache: 'dotenv-defaults' => '/home/peter/.cache/typescript/4.3/node_modules/@types/dotenv-defaults/index.d.ts'
[12:52:41.798] Adding entry into typings cache: 'dotenv-webpack' => '/home/peter/.cache/typescript/4.3/node_modules/@types/dotenv-webpack/index.d.ts'
[12:52:41.799] Adding entry into typings cache: 'duplexer2' => '/home/peter/.cache/typescript/4.3/node_modules/@types/duplexer2/index.d.ts'
[12:52:41.799] Adding entry into typings cache: 'duplexify' => '/home/peter/.cache/typescript/4.3/node_modules/@types/duplexify/index.d.ts'
[12:52:41.800] Adding entry into typings cache: 'ee-first' => '/home/peter/.cache/typescript/4.3/node_modules/@types/ee-first/index.d.ts'
[12:52:41.800] Adding entry into typings cache: 'element-resize-detector' => '/home/peter/.cache/typescript/4.3/node_modules/@types/element-resize-detector/index.d.ts'
[12:52:41.801] Adding entry into typings cache: 'elliptic' => '/home/peter/.cache/typescript/4.3/node_modules/@types/elliptic/index.d.ts'
[12:52:41.801] Adding entry into typings cache: 'encodeurl' => '/home/peter/.cache/typescript/4.3/node_modules/@types/encodeurl/index.d.ts'
[12:52:41.803] Adding entry into typings cache: 'end-of-stream' => '/home/peter/.cache/typescript/4.3/node_modules/@types/end-of-stream/index.d.ts'
[12:52:41.805] Adding entry into typings cache: 'enhanced-resolve' => '/home/peter/.cache/typescript/4.3/node_modules/enhanced-resolve/types.d.ts'
[12:52:41.806] Adding entry into typings cache: 'es-abstract' => '/home/peter/.cache/typescript/4.3/node_modules/@types/es-abstract/index.d.ts'
[12:52:41.806] Adding entry into typings cache: 'es-get-iterator' => '/home/peter/.cache/typescript/4.3/node_modules/@types/es-get-iterator/index.d.ts'
[12:52:41.807] Adding entry into typings cache: 'es-to-primitive' => '/home/peter/.cache/typescript/4.3/node_modules/@types/es-to-primitive/index.d.ts'
[12:52:41.809] Adding entry into typings cache: 'es6-shim' => '/home/peter/.cache/typescript/4.3/node_modules/@types/es6-shim/index.d.ts'
[12:52:41.809] Adding entry into typings cache: 'escape-html' => '/home/peter/.cache/typescript/4.3/node_modules/@types/escape-html/index.d.ts'
[12:52:41.810] Adding entry into typings cache: 'escodegen' => '/home/peter/.cache/typescript/4.3/node_modules/@types/escodegen/index.d.ts'
[12:52:41.812] Adding entry into typings cache: 'eslint' => '/home/peter/.cache/typescript/4.3/node_modules/@types/eslint/index.d.ts'
[12:52:41.814] Adding entry into typings cache: 'eslint-scope' => '/home/peter/.cache/typescript/4.3/node_modules/@types/eslint-scope/index.d.ts'
[12:52:41.815] Adding entry into typings cache: 'esprima' => '/home/peter/.cache/typescript/4.3/node_modules/@types/esprima/index.d.ts'
[12:52:41.817] Adding entry into typings cache: 'estraverse' => '/home/peter/.cache/typescript/4.3/node_modules/@types/estraverse/index.d.ts'
[12:52:41.820] Adding entry into typings cache: 'esutils' => '/home/peter/.cache/typescript/4.3/node_modules/@types/esutils/index.d.ts'
[12:52:41.821] Adding entry into typings cache: 'etag' => '/home/peter/.cache/typescript/4.3/node_modules/@types/etag/index.d.ts'
[12:52:41.822] Adding entry into typings cache: 'events' => '/home/peter/.cache/typescript/4.3/node_modules/@types/events/index.d.ts'
[12:52:41.825] Adding entry into typings cache: 'express' => '/home/peter/.cache/typescript/4.3/node_modules/@types/express/index.d.ts'
[12:52:41.829] Adding entry into typings cache: 'extend' => '/home/peter/.cache/typescript/4.3/node_modules/@types/extend/index.d.ts'
[12:52:41.830] Adding entry into typings cache: 'fancy-log' => '/home/peter/.cache/typescript/4.3/node_modules/@types/fancy-log/index.d.ts'
[12:52:41.831] Adding entry into typings cache: 'fast-levenshtein' => '/home/peter/.cache/typescript/4.3/node_modules/@types/fast-levenshtein/index.d.ts'
[12:52:41.832] Adding entry into typings cache: 'fb-watchman' => '/home/peter/.cache/typescript/4.3/node_modules/@types/fb-watchman/index.d.ts'
[12:52:41.832] Adding entry into typings cache: 'file-loader' => '/home/peter/.cache/typescript/4.3/node_modules/@types/file-loader/index.d.ts'
[12:52:41.833] Adding entry into typings cache: 'finalhandler' => '/home/peter/.cache/typescript/4.3/node_modules/@types/finalhandler/index.d.ts'
[12:52:41.834] Adding entry into typings cache: 'find-cache-dir' => '/home/peter/.cache/typescript/4.3/node_modules/@types/find-cache-dir/index.d.ts'
[12:52:41.835] Adding entry into typings cache: 'find-root' => '/home/peter/.cache/typescript/4.3/node_modules/@types/find-root/index.d.ts'
[12:52:41.835] Adding entry into typings cache: 'flat-cache' => '/home/peter/.cache/typescript/4.3/node_modules/@types/flat-cache/index.d.ts'
[12:52:41.836] Adding entry into typings cache: 'flush-write-stream' => '/home/peter/.cache/typescript/4.3/node_modules/@types/flush-write-stream/index.d.ts'
[12:52:41.838] Adding entry into typings cache: 'follow-redirects' => '/home/peter/.cache/typescript/4.3/node_modules/@types/follow-redirects/index.d.ts'
[12:52:41.839] Adding entry into typings cache: 'foreach' => '/home/peter/.cache/typescript/4.3/node_modules/@types/foreach/index.d.ts'
[12:52:41.840] Adding entry into typings cache: 'forwarded' => '/home/peter/.cache/typescript/4.3/node_modules/@types/forwarded/index.d.ts'
[12:52:41.840] Adding entry into typings cache: 'fresh' => '/home/peter/.cache/typescript/4.3/node_modules/@types/fresh/index.d.ts'
[12:52:41.841] Adding entry into typings cache: 'from2' => '/home/peter/.cache/typescript/4.3/node_modules/@types/from2/index.d.ts'
[12:52:41.842] Adding entry into typings cache: 'fs-extra' => '/home/peter/.cache/typescript/4.3/node_modules/@types/fs-extra/index.d.ts'
[12:52:41.842] Adding entry into typings cache: 'function-bind' => '/home/peter/.cache/typescript/4.3/node_modules/@types/function-bind/index.d.ts'
[12:52:41.843] Adding entry into typings cache: 'get-intrinsic' => '/home/peter/.cache/typescript/4.3/node_modules/@types/get-intrinsic/index.d.ts'
[12:52:41.843] Adding entry into typings cache: 'get-value' => '/home/peter/.cache/typescript/4.3/node_modules/@types/get-value/index.d.ts'
[12:52:41.844] Adding entry into typings cache: 'github-slugger' => '/home/peter/.cache/typescript/4.3/node_modules/@types/github-slugger/index.d.ts'
[12:52:41.844] Adding entry into typings cache: 'glob' => '/home/peter/.cache/typescript/4.3/node_modules/@types/glob/index.d.ts'
[12:52:41.845] Adding entry into typings cache: 'glob-base' => '/home/peter/.cache/typescript/4.3/node_modules/@types/glob-base/index.d.ts'
[12:52:41.847] Adding entry into typings cache: 'glob-parent' => '/home/peter/.cache/typescript/4.3/node_modules/@types/glob-parent/index.d.ts'
[12:52:41.848] Adding entry into typings cache: 'glob-to-regexp' => '/home/peter/.cache/typescript/4.3/node_modules/@types/glob-to-regexp/index.d.ts'
[12:52:41.849] Adding entry into typings cache: 'glob-watcher' => '/home/peter/.cache/typescript/4.3/node_modules/@types/glob-watcher/index.d.ts'
[12:52:41.849] Adding entry into typings cache: 'global-modules' => '/home/peter/.cache/typescript/4.3/node_modules/@types/global-modules/index.d.ts'
[12:52:41.850] Adding entry into typings cache: 'global-prefix' => '/home/peter/.cache/typescript/4.3/node_modules/@types/global-prefix/index.d.ts'
[12:52:41.851] Adding entry into typings cache: 'globalthis' => '/home/peter/.cache/typescript/4.3/node_modules/@types/globalthis/index.d.ts'
[12:52:41.852] Adding entry into typings cache: 'graceful-fs' => '/home/peter/.cache/typescript/4.3/node_modules/@types/graceful-fs/index.d.ts'
[12:52:41.853] Adding entry into typings cache: 'gulp' => '/home/peter/.cache/typescript/4.3/node_modules/@types/gulp/index.d.ts'
[12:52:41.853] Adding entry into typings cache: 'gulp-concat' => '/home/peter/.cache/typescript/4.3/node_modules/@types/gulp-concat/index.d.ts'
[12:52:41.854] Adding entry into typings cache: 'gulp-sass' => '/home/peter/.cache/typescript/4.3/node_modules/@types/gulp-sass/index.d.ts'
[12:52:41.855] Adding entry into typings cache: 'has' => '/home/peter/.cache/typescript/4.3/node_modules/@types/has/index.d.ts'
[12:52:41.855] Adding entry into typings cache: 'has-symbols' => '/home/peter/.cache/typescript/4.3/node_modules/@types/has-symbols/index.d.ts'
[12:52:41.856] Adding entry into typings cache: 'he' => '/home/peter/.cache/typescript/4.3/node_modules/@types/he/index.d.ts'
[12:52:41.857] Adding entry into typings cache: 'highlightjs' => '/home/peter/.cache/typescript/4.3/node_modules/@types/highlightjs/index.d.ts'
[12:52:41.858] Adding entry into typings cache: 'hoist-non-react-statics' => '/home/peter/.cache/typescript/4.3/node_modules/@types/hoist-non-react-statics/index.d.ts'
[12:52:41.859] Adding entry into typings cache: 'hosted-git-info' => '/home/peter/.cache/typescript/4.3/node_modules/@types/hosted-git-info/index.d.ts'
[12:52:41.860] Adding entry into typings cache: 'howler' => '/home/peter/.cache/typescript/4.3/node_modules/@types/howler/index.d.ts'
[12:52:41.860] Adding entry into typings cache: 'html-encoding-sniffer' => '/home/peter/.cache/typescript/4.3/node_modules/@types/html-encoding-sniffer/index.d.ts'
[12:52:41.861] Adding entry into typings cache: 'html-escaper' => '/home/peter/.cache/typescript/4.3/node_modules/@types/html-escaper/index.d.ts'
[12:52:41.861] Adding entry into typings cache: 'html-minifier-terser' => '/home/peter/.cache/typescript/4.3/node_modules/@types/html-minifier-terser/index.d.ts'
[12:52:41.862] Adding entry into typings cache: 'htmlescape' => '/home/peter/.cache/typescript/4.3/node_modules/@types/htmlescape/index.d.ts'
[12:52:41.862] Adding entry into typings cache: 'http-errors' => '/home/peter/.cache/typescript/4.3/node_modules/@types/http-errors/index.d.ts'
[12:52:41.862] Adding entry into typings cache: 'icss-utils' => '/home/peter/.cache/typescript/4.3/node_modules/@types/icss-utils/index.d.ts'
[12:52:41.863] Adding entry into typings cache: 'iferr' => '/home/peter/.cache/typescript/4.3/node_modules/@types/iferr/index.d.ts'
[12:52:41.863] Adding entry into typings cache: 'imurmurhash' => '/home/peter/.cache/typescript/4.3/node_modules/@types/imurmurhash/index.d.ts'
[12:52:41.864] Adding entry into typings cache: 'inherits' => '/home/peter/.cache/typescript/4.3/node_modules/@types/inherits/index.d.ts'
[12:52:41.864] Adding entry into typings cache: 'ini' => '/home/peter/.cache/typescript/4.3/node_modules/@types/ini/index.d.ts'
[12:52:41.865] Adding entry into typings cache: 'insert-module-globals' => '/home/peter/.cache/typescript/4.3/node_modules/@types/insert-module-globals/index.d.ts'
[12:52:41.865] Adding entry into typings cache: 'internal-slot' => '/home/peter/.cache/typescript/4.3/node_modules/@types/internal-slot/index.d.ts'
[12:52:41.866] Adding entry into typings cache: 'interpret' => '/home/peter/.cache/typescript/4.3/node_modules/@types/interpret/index.d.ts'
[12:52:41.866] Adding entry into typings cache: 'invariant' => '/home/peter/.cache/typescript/4.3/node_modules/@types/invariant/index.d.ts'
[12:52:41.867] Adding entry into typings cache: 'ip' => '/home/peter/.cache/typescript/4.3/node_modules/@types/ip/index.d.ts'
[12:52:41.867] Adding entry into typings cache: 'is-arguments' => '/home/peter/.cache/typescript/4.3/node_modules/@types/is-arguments/index.d.ts'
[12:52:41.868] Adding entry into typings cache: 'is-bigint' => '/home/peter/.cache/typescript/4.3/node_modules/@types/is-bigint/index.d.ts'
[12:52:41.868] Adding entry into typings cache: 'is-boolean-object' => '/home/peter/.cache/typescript/4.3/node_modules/@types/is-boolean-object/index.d.ts'
[12:52:41.868] Adding entry into typings cache: 'is-buffer' => '/home/peter/.cache/typescript/4.3/node_modules/is-buffer/index.d.ts'
[12:52:41.869] Adding entry into typings cache: 'is-callable' => '/home/peter/.cache/typescript/4.3/node_modules/@types/is-callable/index.d.ts'
[12:52:41.869] Adding entry into typings cache: 'is-ci' => '/home/peter/.cache/typescript/4.3/node_modules/@types/is-ci/index.d.ts'
[12:52:41.869] Adding entry into typings cache: 'is-core-module' => '/home/peter/.cache/typescript/4.3/node_modules/@types/is-core-module/index.d.ts'
[12:52:41.870] Adding entry into typings cache: 'is-date-object' => '/home/peter/.cache/typescript/4.3/node_modules/@types/is-date-object/index.d.ts'
[12:52:41.871] Adding entry into typings cache: 'is-dom' => '/home/peter/.cache/typescript/4.3/node_modules/@types/is-dom/index.d.ts'
[12:52:41.871] Adding entry into typings cache: 'is-function' => '/home/peter/.cache/typescript/4.3/node_modules/@types/is-function/index.d.ts'
[12:52:41.871] Adding entry into typings cache: 'is-generator-function' => '/home/peter/.cache/typescript/4.3/node_modules/@types/is-generator-function/index.d.ts'
[12:52:41.872] Adding entry into typings cache: 'is-glob' => '/home/peter/.cache/typescript/4.3/node_modules/@types/is-glob/index.d.ts'
[12:52:41.873] Adding entry into typings cache: 'is-negated-glob' => '/home/peter/.cache/typescript/4.3/node_modules/@types/is-negated-glob/index.d.ts'
[12:52:41.874] Adding entry into typings cache: 'is-number' => '/home/peter/.cache/typescript/4.3/node_modules/@types/is-number/index.d.ts'
[12:52:41.874] Adding entry into typings cache: 'is-object' => '/home/peter/.cache/typescript/4.3/node_modules/@types/is-object/index.d.ts'
[12:52:41.875] Adding entry into typings cache: 'is-regex' => '/home/peter/.cache/typescript/4.3/node_modules/@types/is-regex/index.d.ts'
[12:52:41.875] Adding entry into typings cache: 'is-string' => '/home/peter/.cache/typescript/4.3/node_modules/@types/is-string/index.d.ts'
[12:52:41.875] Adding entry into typings cache: 'is-typedarray' => '/home/peter/.cache/typescript/4.3/node_modules/@types/is-typedarray/index.d.ts'
[12:52:41.876] Adding entry into typings cache: 'is-windows' => '/home/peter/.cache/typescript/4.3/node_modules/@types/is-windows/index.d.ts'
[12:52:41.876] Adding entry into typings cache: 'isarray' => '/home/peter/.cache/typescript/4.3/node_modules/@types/isarray/index.d.ts'
[12:52:41.877] Adding entry into typings cache: 'isexe' => '/home/peter/.cache/typescript/4.3/node_modules/@types/isexe/index.d.ts'
[12:52:41.877] Adding entry into typings cache: 'istanbul-lib-coverage' => '/home/peter/.cache/typescript/4.3/node_modules/@types/istanbul-lib-coverage/index.d.ts'
[12:52:41.878] Adding entry into typings cache: 'istanbul-lib-instrument' => '/home/peter/.cache/typescript/4.3/node_modules/@types/istanbul-lib-instrument/index.d.ts'
[12:52:41.878] Adding entry into typings cache: 'istanbul-lib-report' => '/home/peter/.cache/typescript/4.3/node_modules/@types/istanbul-lib-report/index.d.ts'
[12:52:41.878] Adding entry into typings cache: 'istanbul-reports' => '/home/peter/.cache/typescript/4.3/node_modules/@types/istanbul-reports/index.d.ts'
[12:52:41.879] Adding entry into typings cache: 'iterate-iterator' => '/home/peter/.cache/typescript/4.3/node_modules/@types/iterate-iterator/index.d.ts'
[12:52:41.879] Adding entry into typings cache: 'iterate-value' => '/home/peter/.cache/typescript/4.3/node_modules/@types/iterate-value/index.d.ts'
[12:52:41.879] Adding entry into typings cache: 'js-string-escape' => '/home/peter/.cache/typescript/4.3/node_modules/@types/js-string-escape/index.d.ts'
[12:52:41.880] Adding entry into typings cache: 'js-yaml' => '/home/peter/.cache/typescript/4.3/node_modules/@types/js-yaml/index.d.ts'
[12:52:41.881] Adding entry into typings cache: 'jsdom' => '/home/peter/.cache/typescript/4.3/node_modules/@types/jsdom/index.d.ts'
[12:52:41.881] Adding entry into typings cache: 'jsesc' => '/home/peter/.cache/typescript/4.3/node_modules/@types/jsesc/index.d.ts'
[12:52:41.882] Adding entry into typings cache: 'json-parse-better-errors' => '/home/peter/.cache/typescript/4.3/node_modules/@types/json-parse-better-errors/index.d.ts'
[12:52:41.882] Adding entry into typings cache: 'jsonfile' => '/home/peter/.cache/typescript/4.3/node_modules/@types/jsonfile/index.d.ts'
[12:52:41.882] Adding entry into typings cache: 'kind-of' => '/home/peter/.cache/typescript/4.3/node_modules/@types/kind-of/index.d.ts'
[12:52:41.883] Adding entry into typings cache: 'klaw' => '/home/peter/.cache/typescript/4.3/node_modules/@types/klaw/index.d.ts'
[12:52:41.883] Adding entry into typings cache: 'labeled-stream-splicer' => '/home/peter/.cache/typescript/4.3/node_modules/@types/labeled-stream-splicer/index.d.ts'
[12:52:41.884] Adding entry into typings cache: 'loader-runner' => '/home/peter/.cache/typescript/4.3/node_modules/@types/loader-runner/index.d.ts'
[12:52:41.885] Adding entry into typings cache: 'lodash.debounce' => '/home/peter/.cache/typescript/4.3/node_modules/@types/lodash.debounce/index.d.ts'
[12:52:41.885] Adding entry into typings cache: 'lodash.memoize' => '/home/peter/.cache/typescript/4.3/node_modules/@types/lodash.memoize/index.d.ts'
[12:52:41.886] Adding entry into typings cache: 'lodash.throttle' => '/home/peter/.cache/typescript/4.3/node_modules/@types/lodash.throttle/index.d.ts'
[12:52:41.886] Adding entry into typings cache: 'module-deps' => '/home/peter/.cache/typescript/4.3/node_modules/@types/module-deps/index.d.ts'
[12:52:41.887] Adding entry into typings cache: 'node' => '/home/peter/.cache/typescript/4.3/node_modules/@types/node/index.d.ts'
[12:52:41.888] Adding entry into typings cache: 'node-sass' => '/home/peter/.cache/typescript/4.3/node_modules/@types/node-sass/index.d.ts'
[12:52:41.889] Adding entry into typings cache: 'normalize-path' => '/home/peter/.cache/typescript/4.3/node_modules/@types/normalize-path/index.d.ts'
[12:52:41.889] Adding entry into typings cache: 'parents' => '/home/peter/.cache/typescript/4.3/node_modules/@types/parents/index.d.ts'
[12:52:41.889] Adding entry into typings cache: 'path-is-absolute' => '/home/peter/.cache/typescript/4.3/node_modules/@types/path-is-absolute/index.d.ts'
[12:52:41.890] Adding entry into typings cache: 'prettier' => '/home/peter/.cache/typescript/4.3/node_modules/@types/prettier/index.d.ts'
[12:52:41.890] Adding entry into typings cache: 'pretty-quick' => '/home/peter/.cache/typescript/4.3/node_modules/@types/pretty-quick/index.d.ts'
[12:52:41.891] Adding entry into typings cache: 'react' => '/home/peter/.cache/typescript/4.3/node_modules/@types/react/index.d.ts'
[12:52:41.891] Adding entry into typings cache: 'react-dom' => '/home/peter/.cache/typescript/4.3/node_modules/@types/react-dom/index.d.ts'
[12:52:41.892] Adding entry into typings cache: 'readable-stream' => '/home/peter/.cache/typescript/4.3/node_modules/@types/readable-stream/index.d.ts'
[12:52:41.892] Adding entry into typings cache: 'remark-prism' => '/home/peter/.cache/typescript/4.3/node_modules/@types/remark-prism/index.d.ts'
[12:52:41.892] Adding entry into typings cache: 'replace-ext' => '/home/peter/.cache/typescript/4.3/node_modules/@types/replace-ext/index.d.ts'
[12:52:41.893] Adding entry into typings cache: 'resolve' => '/home/peter/.cache/typescript/4.3/node_modules/@types/resolve/index.d.ts'
[12:52:41.893] Adding entry into typings cache: 'sprintf' => '/home/peter/.cache/typescript/4.3/node_modules/@types/sprintf/index.d.ts'
[12:52:41.894] Adding entry into typings cache: 'syntax-error' => '/home/peter/.cache/typescript/4.3/node_modules/@types/syntax-error/index.d.ts'
[12:52:41.895] Adding entry into typings cache: 'tailwindcss' => '/home/peter/.cache/typescript/4.3/node_modules/@types/tailwindcss/index.d.ts'
[12:52:41.896] Adding entry into typings cache: 'through2' => '/home/peter/.cache/typescript/4.3/node_modules/@types/through2/index.d.ts'
[12:52:41.896] Adding entry into typings cache: 'tinycolor2' => '/home/peter/.cache/typescript/4.3/node_modules/@types/tinycolor2/index.d.ts'
[12:52:41.897] Adding entry into typings cache: 'umd' => '/home/peter/.cache/typescript/4.3/node_modules/@types/umd/index.d.ts'
[12:52:41.898] Adding entry into typings cache: 'undertaker' => '/home/peter/.cache/typescript/4.3/node_modules/@types/undertaker/index.d.ts'
[12:52:41.898] Adding entry into typings cache: 'undertaker-registry' => '/home/peter/.cache/typescript/4.3/node_modules/@types/undertaker-registry/index.d.ts'
[12:52:41.899] Adding entry into typings cache: 'vinyl' => '/home/peter/.cache/typescript/4.3/node_modules/@types/vinyl/index.d.ts'
[12:52:41.900] Adding entry into typings cache: 'vinyl-buffer' => '/home/peter/.cache/typescript/4.3/node_modules/@types/vinyl-buffer/index.d.ts'
[12:52:41.900] Adding entry into typings cache: 'vinyl-fs' => '/home/peter/.cache/typescript/4.3/node_modules/@types/vinyl-fs/index.d.ts'
[12:52:41.901] Adding entry into typings cache: 'vinyl-paths' => '/home/peter/.cache/typescript/4.3/node_modules/@types/vinyl-paths/index.d.ts'
[12:52:41.901] Adding entry into typings cache: 'vinyl-source-stream' => '/home/peter/.cache/typescript/4.3/node_modules/@types/vinyl-source-stream/index.d.ts'
[12:52:41.902] Adding entry into typings cache: 'xtend' => '/home/peter/.cache/typescript/4.3/node_modules/@types/xtend/index.d.ts'
[12:52:41.902] Finished processing cache location '/home/peter/.cache/typescript/4.3'
[12:52:41.902] Process id: 541962
[12:52:41.902] NPM location: /usr/local/bin/npm (explicit '--npmLocation' not  provided)
[12:52:41.902] validateDefaultNpmLocation: false
[12:52:41.902] Npm config file: /home/peter/.cache/typescript/4.3/package.json
[12:52:41.902] Updating types-registry npm package...
[12:52:41.902] Exec: /usr/local/bin/npm install --ignore-scripts types-registry@latest
[12:52:42.986]     Succeeded. stdout:
    
    up to date, audited 420 packages in 928ms

48 packages are looking for funding
  run `npm fund` for details

4 high severity vulnerabilities

Some issues need review, and may require choosing
a different dependency.

Run `npm audit` for details.

[12:52:42.986] Updated types-registry npm package
